rows: 500
rows: 5000
rows: 10000
30-20-CUE loaded, acceptance rate: 0.2112 length: 10000
rows: 5000
rows: 10000
30-20-16-19 CUE loaded, acceptance rate: 0.2081 length: 10000
[32mChain summary for 14-17 data[39m
Chains MCMC chain (10000Ã—10Ã—1 Array{Float64, 3}):

Iterations        = 1:1:10000
Number of chains  = 1
Samples per chain = 10000
parameters        = Î¼, Îº, Î±, Ïƒ, Ï, Î»â‚€, Î»â‚, Ï„, ac, lnL

Summary Statistics
  parameters      mean       std      mcse    ess_bulk   ess_tail      rhat   ess_per_sec
      Symbol   Float64   Float64   Float64     Float64    Float64   Float64       Missing

           Î¼   -0.0197    0.0125    0.0011    138.1823   138.8963    1.0142       missing
           Îº    0.1334    0.0165    0.0014    142.7332   253.5367    1.0041       missing
           Î±   -1.0923    0.1444    0.0136    117.2660   237.9160    1.0086       missing
           Ïƒ    0.7370    0.0486    0.0033    213.9568   451.0989    1.0142       missing
           Ï   -0.8084    0.0336    0.0027    171.9587   156.6795    1.0018       missing
          Î»â‚€    0.0032    0.0029    0.0004     96.8266   114.2484    1.0202       missing
          Î»â‚    3.8098    1.3306    0.1654     51.1783   167.3531    1.1289       missing
           Ï„    0.0312    0.0011    0.0001    215.9303   391.1534    1.0170       missing
          ac    0.2112    0.4082    0.0055   5497.6661        NaN    0.9999       missing
         lnL   -4.0553    2.0605    0.1772    156.0724   149.7552    1.0003       missing

Quantiles
  parameters      2.5%     25.0%     50.0%     75.0%     97.5%
      Symbol   Float64   Float64   Float64   Float64   Float64

           Î¼   -0.0444   -0.0281   -0.0197   -0.0110    0.0052
           Îº    0.1056    0.1218    0.1314    0.1432    0.1702
           Î±   -1.3660   -1.1964   -1.0878   -0.9915   -0.8369
           Ïƒ    0.6452    0.7037    0.7345    0.7689    0.8360
           Ï   -0.8635   -0.8310   -0.8122   -0.7902   -0.7272
          Î»â‚€    0.0000    0.0012    0.0023    0.0041    0.0112
          Î»â‚    0.0000    2.9546    3.8654    4.8522    5.8184
           Ï„    0.0291    0.0305    0.0312    0.0320    0.0333
          ac    0.0000    0.0000    0.0000    0.0000    1.0000
         lnL   -9.7294   -5.0910   -3.6256   -2.5800   -1.0913

[32mChain summary for 16-19 data[39m
Chains MCMC chain (10000Ã—10Ã—1 Array{Float64, 3}):

Iterations        = 1:1:10000
Number of chains  = 1
Samples per chain = 10000
parameters        = Î¼, Îº, Î±, Ïƒ, Ï, Î»â‚€, Î»â‚, Ï„, ac, lnL

Summary Statistics
  parameters      mean       std      mcse    ess_bulk   ess_tail      rhat   ess_per_sec
      Symbol   Float64   Float64   Float64     Float64    Float64   Float64       Missing

           Î¼   -0.0072    0.0128    0.0009    208.9847   367.0332    1.0036       missing
           Îº    0.1430    0.0180    0.0013    206.5267   216.4780    1.0022       missing
           Î±   -1.0219    0.1758    0.0138    170.0320   197.4300    1.0024       missing
           Ïƒ    0.8718    0.0580    0.0042    196.2031   184.6912    1.0118       missing
           Ï   -0.7350    0.0349    0.0030    142.3517   127.1776    1.0213       missing
          Î»â‚€    0.0055    0.0045    0.0007     57.0429    48.4373    1.1024       missing
          Î»â‚    3.4834    1.0714    0.1944     33.4965    88.6124    1.1367       missing
           Ï„    0.0361    0.0011    0.0001    198.0964   204.8296    1.0094       missing
          ac    0.2081    0.4060    0.0063   4124.5282        NaN    1.0016       missing
         lnL   -3.9198    1.8669    0.1703    120.5543   239.6125    1.0270       missing

Quantiles
  parameters      2.5%     25.0%     50.0%     75.0%     97.5%
      Symbol   Float64   Float64   Float64   Float64   Float64

           Î¼   -0.0305   -0.0163   -0.0075    0.0018    0.0170
           Îº    0.1111    0.1303    0.1419    0.1548    0.1794
           Î±   -1.3826   -1.1217   -1.0174   -0.9186   -0.6484
           Ïƒ    0.7496    0.8361    0.8744    0.9083    0.9935
           Ï   -0.7978   -0.7599   -0.7371   -0.7130   -0.6634
          Î»â‚€    0.0006    0.0022    0.0040    0.0076    0.0160
          Î»â‚    2.0681    2.6010    3.2064    4.3093    5.7766
           Ï„    0.0338    0.0354    0.0362    0.0369    0.0383
          ac    0.0000    0.0000    0.0000    0.0000    1.0000
         lnL   -8.6892   -4.9620   -3.6406   -2.5522   -1.1573

[32madditional summary for 14-17 data[39m
describe(spy1) = 10Ã—7 DataFrame
 Row â”‚ variable  mean         min          median       max         nmissing  eltype
     â”‚ Symbol    Float64      Float64      Float64      Float64     Int64     DataType
â”€â”€â”€â”€â”€â”¼â”€â”€â”€â”€â”€â”€â”€â”€â”€â”€â”€â”€â”€â”€â”€â”€â”€â”€â”€â”€â”€â”€â”€â”€â”€â”€â”€â”€â”€â”€â”€â”€â”€â”€â”€â”€â”€â”€â”€â”€â”€â”€â”€â”€â”€â”€â”€â”€â”€â”€â”€â”€â”€â”€â”€â”€â”€â”€â”€â”€â”€â”€â”€â”€â”€â”€â”€â”€â”€â”€â”€â”€â”€â”€â”€â”€â”€â”€â”€â”€â”€
   1 â”‚ Î¼         -0.0196907    -0.0499481  -0.0196553    0.0132959         0  Float64
   2 â”‚ Îº          0.133414      0.0912941   0.131363     0.190517          0  Float64
   3 â”‚ Î±         -1.09233      -1.63361    -1.08784     -0.691694          0  Float64
   4 â”‚ Ïƒ          0.737041      0.575087    0.734464     0.900378          0  Float64
   5 â”‚ Ï         -0.808359     -0.890807   -0.812228    -0.659267          0  Float64
   6 â”‚ Î»â‚€         0.00316382    0.0         0.00234392   0.0173299         0  Float64
   7 â”‚ Î»â‚         3.80976       0.0         3.86542      5.9971            0  Float64
   8 â”‚ Ï„          0.0312182     0.027863    0.0311914    0.0352538         0  Float64
   9 â”‚ ac         0.2112        0.0         0.0          1.0               0  Float64
  10 â”‚ lnL       -4.05531     -13.3178     -3.62563     -0.285307          0  Float64
[32madditional summary for 16-19 data[39m
describe(spy2) = 10Ã—7 DataFrame
 Row â”‚ variable  mean         min          median       max         nmissing  eltype
     â”‚ Symbol    Float64      Float64      Float64      Float64     Int64     DataType
â”€â”€â”€â”€â”€â”¼â”€â”€â”€â”€â”€â”€â”€â”€â”€â”€â”€â”€â”€â”€â”€â”€â”€â”€â”€â”€â”€â”€â”€â”€â”€â”€â”€â”€â”€â”€â”€â”€â”€â”€â”€â”€â”€â”€â”€â”€â”€â”€â”€â”€â”€â”€â”€â”€â”€â”€â”€â”€â”€â”€â”€â”€â”€â”€â”€â”€â”€â”€â”€â”€â”€â”€â”€â”€â”€â”€â”€â”€â”€â”€â”€â”€â”€â”€â”€â”€â”€
   1 â”‚ Î¼         -0.00724696   -0.041583   -0.00752675   0.0302862         0  Float64
   2 â”‚ Îº          0.143025      0.0976639   0.14191      0.205027          0  Float64
   3 â”‚ Î±         -1.02189      -1.66726    -1.0174      -0.496133          0  Float64
   4 â”‚ Ïƒ          0.871769      0.687911    0.874358     1.11161           0  Float64
   5 â”‚ Ï         -0.734983     -0.824069   -0.737069    -0.619599          0  Float64
   6 â”‚ Î»â‚€         0.0054754     0.0         0.00397169   0.0261301         0  Float64
   7 â”‚ Î»â‚         3.48339       0.0         3.20643      5.99748           0  Float64
   8 â”‚ Ï„          0.0361168     0.032236    0.0361572    0.0397364         0  Float64
   9 â”‚ ac         0.2081        0.0         0.0          1.0               0  Float64
  10 â”‚ lnL       -3.91979     -12.5697     -3.64058     -0.617112          0  Float64
