rows: 10000
rows: 20000
30-20-sample1-Sobel loaded, acceptance rate: 0.27975 length: 20000
rows: 10000
rows: 20000
30-20-sample2-Sobel loaded, acceptance rate: 0.2187 length: 20000
[32mChain summary for 14-17 data[39m
Chains MCMC chain (20000Ã—10Ã—1 Array{Float64, 3}):

Iterations        = 1:1:20000
Number of chains  = 1
Samples per chain = 20000
parameters        = Î¼, Îº, Î±, Ïƒ, Ï, Î»â‚€, Î»â‚, Ï„, ac, lnL

Summary Statistics
  parameters      mean       std      mcse     ess_bulk   ess_tail      rhat   ess_per_sec
      Symbol   Float64   Float64   Float64      Float64    Float64   Float64       Missing

           Î¼   -0.0287    0.0109    0.0007     274.8400   542.5349    1.0229       missing
           Îº    0.1647    0.0174    0.0011     286.6437   416.8904    1.0048       missing
           Î±   -1.1477    0.1389    0.0089     257.3413   381.3253    1.0084       missing
           Ïƒ    0.8636    0.0527    0.0030     309.8233   597.0214    1.0026       missing
           Ï   -0.8405    0.0242    0.0015     282.1998   297.6877    1.0059       missing
          Î»â‚€    0.0034    0.0027    0.0002     315.2019   233.3422    1.0009       missing
          Î»â‚    4.1008    1.0093    0.0852     145.9383   423.6305    1.0115       missing
           Ï„    0.0321    0.0009    0.0001     310.1163   442.3940    1.0000       missing
          ac    0.2797    0.4489    0.0043   10809.7298        NaN    1.0000       missing
         lnL   -3.7472    1.9374    0.0936     454.4607   566.3216    1.0070       missing

Quantiles
  parameters      2.5%     25.0%     50.0%     75.0%     97.5%
      Symbol   Float64   Float64   Float64   Float64   Float64

           Î¼   -0.0476   -0.0370   -0.0290   -0.0215   -0.0057
           Îº    0.1343    0.1524    0.1637    0.1751    0.2016
           Î±   -1.4538   -1.2334   -1.1363   -1.0502   -0.8983
           Ïƒ    0.7666    0.8276    0.8606    0.8981    0.9725
           Ï   -0.8837   -0.8570   -0.8420   -0.8264   -0.7900
          Î»â‚€    0.0004    0.0014    0.0026    0.0045    0.0112
          Î»â‚    2.3382    3.2934    4.0616    4.9348    5.8356
           Ï„    0.0303    0.0315    0.0321    0.0327    0.0339
          ac    0.0000    0.0000    0.0000    1.0000    1.0000
         lnL   -8.6665   -4.6834   -3.4120   -2.3734   -1.0631

[32mChain summary for 16-19 data[39m
Chains MCMC chain (20000Ã—10Ã—1 Array{Float64, 3}):

Iterations        = 1:1:20000
Number of chains  = 1
Samples per chain = 20000
parameters        = Î¼, Îº, Î±, Ïƒ, Ï, Î»â‚€, Î»â‚, Ï„, ac, lnL

Summary Statistics
  parameters      mean       std      mcse    ess_bulk   ess_tail      rhat   ess_per_sec
      Symbol   Float64   Float64   Float64     Float64    Float64   Float64       Missing

           Î¼   -0.0099    0.0119    0.0006    346.2256   566.0240    1.0008       missing
           Îº    0.1531    0.0181    0.0011    270.7014   322.5409    1.0023       missing
           Î±   -1.0665    0.1563    0.0089    304.8092   479.2728    1.0021       missing
           Ïƒ    0.8979    0.0571    0.0042    183.2099   343.8592    1.0079       missing
           Ï   -0.7514    0.0498    0.0061     72.4934   153.3466    1.0098       missing
          Î»â‚€    0.0032    0.0036    0.0004    165.2508    95.5846    1.0077       missing
          Î»â‚    3.4827    1.2633    0.1127    102.4084   147.2433    1.0147       missing
           Ï„    0.0341    0.0011    0.0001    220.5822   264.7109    1.0051       missing
          ac    0.2187    0.4134    0.0044   8699.6226        NaN    1.0021       missing
         lnL   -4.1578    1.9742    0.1367    201.4662   374.6359    1.0030       missing

Quantiles
  parameters      2.5%     25.0%     50.0%     75.0%     97.5%
      Symbol   Float64   Float64   Float64   Float64   Float64

           Î¼   -0.0324   -0.0181   -0.0098   -0.0016    0.0131
           Îº    0.1214    0.1405    0.1511    0.1639    0.1946
           Î±   -1.3722   -1.1734   -1.0658   -0.9579   -0.7757
           Ïƒ    0.7882    0.8597    0.8973    0.9352    1.0130
           Ï   -0.8288   -0.7891   -0.7596   -0.7169   -0.6502
          Î»â‚€    0.0000    0.0008    0.0019    0.0045    0.0141
          Î»â‚    0.0000    2.7082    3.4282    4.3424    5.7576
           Ï„    0.0319    0.0335    0.0341    0.0348    0.0361
          ac    0.0000    0.0000    0.0000    0.0000    1.0000
         lnL   -8.9079   -5.2142   -3.8822   -2.7506   -1.1366

[32madditional summary for 14-17 data[39m
describe(spy1) = 10Ã—7 DataFrame
 Row â”‚ variable  mean         min          median      max         nmissing  eltype
     â”‚ Symbol    Float64      Float64      Float64     Float64     Int64     DataType
â”€â”€â”€â”€â”€â”¼â”€â”€â”€â”€â”€â”€â”€â”€â”€â”€â”€â”€â”€â”€â”€â”€â”€â”€â”€â”€â”€â”€â”€â”€â”€â”€â”€â”€â”€â”€â”€â”€â”€â”€â”€â”€â”€â”€â”€â”€â”€â”€â”€â”€â”€â”€â”€â”€â”€â”€â”€â”€â”€â”€â”€â”€â”€â”€â”€â”€â”€â”€â”€â”€â”€â”€â”€â”€â”€â”€â”€â”€â”€â”€â”€â”€â”€â”€â”€â”€
   1 â”‚ Î¼         -0.0287031    -0.0499429  -0.0290323   0.0137966         0  Float64
   2 â”‚ Îº          0.164683      0.110235    0.163677    0.241984          0  Float64
   3 â”‚ Î±         -1.14769      -1.63169    -1.1363     -0.724644          0  Float64
   4 â”‚ Ïƒ          0.863606      0.712038    0.860636    1.05475           0  Float64
   5 â”‚ Ï         -0.840548     -0.904031   -0.841982   -0.728749          0  Float64
   6 â”‚ Î»â‚€         0.00335029    0.0         0.0025562   0.0165178         0  Float64
   7 â”‚ Î»â‚         4.10084       0.0         4.06155     5.99715           0  Float64
   8 â”‚ Ï„          0.0321312     0.0279664   0.0321258   0.0351296         0  Float64
   9 â”‚ ac         0.27975       0.0         0.0         1.0               0  Float64
  10 â”‚ lnL       -3.74718     -17.7073     -3.41204    -0.194818          0  Float64
[32madditional summary for 16-19 data[39m
describe(spy2) = 10Ã—7 DataFrame
 Row â”‚ variable  mean         min          median       max         nmissing  eltype
     â”‚ Symbol    Float64      Float64      Float64      Float64     Int64     DataType
â”€â”€â”€â”€â”€â”¼â”€â”€â”€â”€â”€â”€â”€â”€â”€â”€â”€â”€â”€â”€â”€â”€â”€â”€â”€â”€â”€â”€â”€â”€â”€â”€â”€â”€â”€â”€â”€â”€â”€â”€â”€â”€â”€â”€â”€â”€â”€â”€â”€â”€â”€â”€â”€â”€â”€â”€â”€â”€â”€â”€â”€â”€â”€â”€â”€â”€â”€â”€â”€â”€â”€â”€â”€â”€â”€â”€â”€â”€â”€â”€â”€â”€â”€â”€â”€â”€â”€
   1 â”‚ Î¼         -0.00987398   -0.0468012  -0.00978397   0.0225438         0  Float64
   2 â”‚ Îº          0.153059      0.106767    0.151108     0.222193          0  Float64
   3 â”‚ Î±         -1.06651      -1.57144    -1.0658      -0.507885          0  Float64
   4 â”‚ Ïƒ          0.897896      0.739724    0.897251     1.09748           0  Float64
   5 â”‚ Ï         -0.751372     -0.876656   -0.759551    -0.592987          0  Float64
   6 â”‚ Î»â‚€         0.00322331    0.0         0.00188508   0.0239565         0  Float64
   7 â”‚ Î»â‚         3.4827        0.0         3.42816      5.99834           0  Float64
   8 â”‚ Ï„          0.0341324     0.0303341   0.0341498    0.0376842         0  Float64
   9 â”‚ ac         0.2187        0.0         0.0          1.0               0  Float64
  10 â”‚ lnL       -4.15783     -14.2628     -3.8822      -0.297742          0  Float64
