rows: 20000
rows: 40000
100-50-sample1-Sobel loaded, acceptance rate: 0.2369 length: 40000
100-50-sample2-Sobel loaded, acceptance rate: 0.23065 length: 20000
[32mChain summary for 14-17 data[39m
Chains MCMC chain (40000Ã—10Ã—1 Array{Float64, 3}):

Iterations        = 1:1:40000
Number of chains  = 1
Samples per chain = 40000
parameters        = Î¼, Îº, Î±, Ïƒ, Ï, Î»â‚€, Î»â‚, Ï„, ac, lnL

Summary Statistics
  parameters      mean       std      mcse     ess_bulk    ess_tail      rhat   ess_per_sec
      Symbol   Float64   Float64   Float64      Float64     Float64   Float64       Missing

           Î¼   -0.0145    0.0114    0.0005     455.9164    745.5768    1.0002       missing
           Îº    0.1740    0.0176    0.0007     621.0535    882.5365    1.0016       missing
           Î±   -1.1964    0.1549    0.0075     439.6709    635.9116    1.0024       missing
           Ïƒ    0.9275    0.0526    0.0021     674.1827    863.3957    1.0012       missing
           Ï   -0.7953    0.0339    0.0025     203.0309    237.4864    1.0030       missing
          Î»â‚€    0.0056    0.0039    0.0002     348.8024    550.9094    1.0046       missing
          Î»â‚    3.2527    1.0058    0.0848     167.7570    177.0527    1.0055       missing
           Ï„    0.0304    0.0010    0.0000     495.6598    526.5142    1.0034       missing
          ac    0.2369    0.4252    0.0039   11703.4761         NaN    1.0004       missing
         lnL   -5.0192    1.9337    0.0836     553.3900   1036.2434    1.0005       missing

Quantiles
  parameters      2.5%     25.0%     50.0%     75.0%     97.5%
      Symbol   Float64   Float64   Float64   Float64   Float64

           Î¼   -0.0364   -0.0227   -0.0144   -0.0065    0.0071
           Îº    0.1424    0.1614    0.1733    0.1857    0.2104
           Î±   -1.5235   -1.2928   -1.1903   -1.0917   -0.9177
           Ïƒ    0.8275    0.8920    0.9264    0.9604    1.0357
           Ï   -0.8520   -0.8197   -0.7980   -0.7758   -0.7200
          Î»â‚€    0.0008    0.0026    0.0047    0.0078    0.0152
          Î»â‚    2.0374    2.4416    2.9976    3.8122    5.6807
           Ï„    0.0282    0.0298    0.0304    0.0310    0.0323
          ac    0.0000    0.0000    0.0000    0.0000    1.0000
         lnL   -9.5393   -6.0831   -4.7071   -3.6060   -2.2116

[32mChain summary for 16-19 data[39m
Chains MCMC chain (20000Ã—10Ã—1 Array{Float64, 3}):

Iterations        = 1:1:20000
Number of chains  = 1
Samples per chain = 20000
parameters        = Î¼, Îº, Î±, Ïƒ, Ï, Î»â‚€, Î»â‚, Ï„, ac, lnL

Summary Statistics
  parameters      mean       std      mcse    ess_bulk   ess_tail      rhat   ess_per_sec
      Symbol   Float64   Float64   Float64     Float64    Float64   Float64       Missing

           Î¼   -0.0051    0.0122    0.0010    160.8734   398.3198    1.0000       missing
           Îº    0.1717    0.0201    0.0014    218.3638   375.1164    1.0073       missing
           Î±   -1.1061    0.1691    0.0143    139.8048   257.9353    1.0055       missing
           Ïƒ    0.9533    0.0527    0.0030    309.3861   447.6417    1.0045       missing
           Ï   -0.7373    0.0428    0.0053     66.5792   100.1376    1.0049       missing
          Î»â‚€    0.0080    0.0058    0.0006    127.2031   100.9786    1.0322       missing
          Î»â‚    2.8951    0.7828    0.0871    103.6803    97.2754    1.0132       missing
           Ï„    0.0324    0.0009    0.0001    276.2632   399.4934    1.0023       missing
          ac    0.2306    0.4213    0.0056   5752.1772        NaN    1.0003       missing
         lnL   -5.4148    1.9825    0.1603    159.6608   300.3591    1.0155       missing

Quantiles
  parameters      2.5%     25.0%     50.0%     75.0%     97.5%
      Symbol   Float64   Float64   Float64   Float64   Float64

           Î¼   -0.0292   -0.0138   -0.0045    0.0040    0.0178
           Îº    0.1352    0.1573    0.1708    0.1846    0.2143
           Î±   -1.4382   -1.2239   -1.0960   -0.9862   -0.8075
           Ïƒ    0.8559    0.9163    0.9512    0.9893    1.0556
           Ï   -0.8219   -0.7647   -0.7394   -0.7124   -0.6417
          Î»â‚€    0.0013    0.0038    0.0066    0.0103    0.0233
          Î»â‚    2.0276    2.2923    2.6659    3.2859    4.9570
           Ï„    0.0307    0.0318    0.0325    0.0331    0.0342
          ac    0.0000    0.0000    0.0000    0.0000    1.0000
         lnL   -9.9581   -6.5494   -5.1594   -3.9833   -2.4548

[32madditional summary for 14-17 data[39m
describe(spy1) = 10Ã—7 DataFrame
 Row â”‚ variable  mean         min            median       max         nmissing  eltype
     â”‚ Symbol    Float64      Float64        Float64      Float64     Int64     DataType
â”€â”€â”€â”€â”€â”¼â”€â”€â”€â”€â”€â”€â”€â”€â”€â”€â”€â”€â”€â”€â”€â”€â”€â”€â”€â”€â”€â”€â”€â”€â”€â”€â”€â”€â”€â”€â”€â”€â”€â”€â”€â”€â”€â”€â”€â”€â”€â”€â”€â”€â”€â”€â”€â”€â”€â”€â”€â”€â”€â”€â”€â”€â”€â”€â”€â”€â”€â”€â”€â”€â”€â”€â”€â”€â”€â”€â”€â”€â”€â”€â”€â”€â”€â”€â”€â”€â”€â”€â”€
   1 â”‚ Î¼         -0.0145398    -0.0478988    -0.0144462    0.0223305         0  Float64
   2 â”‚ Îº          0.174027      0.1162        0.173304     0.251775          0  Float64
   3 â”‚ Î±         -1.19645      -1.78084      -1.19032     -0.638373          0  Float64
   4 â”‚ Ïƒ          0.927467      0.730822      0.926374     1.13834           0  Float64
   5 â”‚ Ï         -0.795336     -0.878234     -0.79799     -0.628402          0  Float64
   6 â”‚ Î»â‚€         0.00562656    0.000147681   0.00469705   0.0300805         0  Float64
   7 â”‚ Î»â‚         3.25268       2.00002       2.99758      5.9985            0  Float64
   8 â”‚ Ï„          0.0303838     0.0261919     0.0304267    0.0336135         0  Float64
   9 â”‚ ac         0.2369        0.0           0.0          1.0               0  Float64
  10 â”‚ lnL       -5.01922     -18.5039       -4.70713     -1.07283           0  Float64
[32madditional summary for 16-19 data[39m
describe(spy2) = 10Ã—7 DataFrame
 Row â”‚ variable  mean         min            median       max         nmissing  eltype
     â”‚ Symbol    Float64      Float64        Float64      Float64     Int64     DataType
â”€â”€â”€â”€â”€â”¼â”€â”€â”€â”€â”€â”€â”€â”€â”€â”€â”€â”€â”€â”€â”€â”€â”€â”€â”€â”€â”€â”€â”€â”€â”€â”€â”€â”€â”€â”€â”€â”€â”€â”€â”€â”€â”€â”€â”€â”€â”€â”€â”€â”€â”€â”€â”€â”€â”€â”€â”€â”€â”€â”€â”€â”€â”€â”€â”€â”€â”€â”€â”€â”€â”€â”€â”€â”€â”€â”€â”€â”€â”€â”€â”€â”€â”€â”€â”€â”€â”€â”€â”€
   1 â”‚ Î¼         -0.00509433   -0.0409046    -0.00451197   0.0331919         0  Float64
   2 â”‚ Îº          0.171657      0.107646      0.1708       0.24141           0  Float64
   3 â”‚ Î±         -1.1061       -1.66398      -1.09599     -0.637061          0  Float64
   4 â”‚ Ïƒ          0.953274      0.79341       0.951183     1.16265           0  Float64
   5 â”‚ Ï         -0.737337     -0.857225     -0.739385    -0.617235          0  Float64
   6 â”‚ Î»â‚€         0.00798119    0.000220892   0.00659888   0.0351117         0  Float64
   7 â”‚ Î»â‚         2.89514       2.00049       2.66586      5.91795           0  Float64
   8 â”‚ Ï„          0.0324332     0.0287949     0.0324551    0.0353859         0  Float64
   9 â”‚ ac         0.23065       0.0           0.0          1.0               0  Float64
  10 â”‚ lnL       -5.41477     -17.649        -5.15937     -1.33986           0  Float64
